HipChat adapter options: { jid: '24647_237199@chat.hipchat.com',
  password: 'rkbot',
  token: null,
  rooms: '24647_developer_room@conf.hipchat.com',
  debug: false,
  host: null }
Wobot object: { domain: null,
  _events: 
   { connect: { [Function: g] listener: [Function] },
     error: [Function] },
  _maxListeners: 0,
  jabber: null,
  keepalive: null,
  name: null,
  plugins: {},
  iq_count: 1,
  jid: '24647_237199@chat.hipchat.com/wobot',
  password: 'rkbot',
  debug: false,
  host: null,
  caps_ver: 'wobot:0.8.0',
  mucHost: 'conf.hipchat.com' }
Connected to HipChat as @RKBot!
Joining 24647_developer_room@conf.hipchat.com
http://jira.rainking.local/rest/api/latest/issue/ve-2
HipChat adapter options: { jid: '24647_237199@chat.hipchat.com',
  password: 'rkbot',
  token: null,
  rooms: '24647_developer_room@conf.hipchat.com',
  debug: false,
  host: null }
Wobot object: { domain: null,
  _events: 
   { connect: { [Function: g] listener: [Function] },
     error: [Function] },
  _maxListeners: 0,
  jabber: null,
  keepalive: null,
  name: null,
  plugins: {},
  iq_count: 1,
  jid: '24647_237199@chat.hipchat.com/wobot',
  password: 'rkbot',
  debug: false,
  host: null,
  caps_ver: 'wobot:0.8.0',
  mucHost: 'conf.hipchat.com' }
Connected to HipChat as @RKBot!
Joining 24647_developer_room@conf.hipchat.com
HipChat adapter options: { jid: '24647_237199@chat.hipchat.com',
  password: 'rkbot',
  token: null,
  rooms: '24647_developer_room@conf.hipchat.com',
  debug: false,
  host: null }
Wobot object: { domain: null,
  _events: 
   { connect: { [Function: g] listener: [Function] },
     error: [Function] },
  _maxListeners: 0,
  jabber: null,
  keepalive: null,
  name: null,
  plugins: {},
  iq_count: 1,
  jid: '24647_237199@chat.hipchat.com/wobot',
  password: 'rkbot',
  debug: false,
  host: null,
  caps_ver: 'wobot:0.8.0',
  mucHost: 'conf.hipchat.com' }
HipChat adapter options: { jid: '24647_237199@chat.hipchat.com',
  password: 'rkbot',
  token: null,
  rooms: '24647_developer_room@conf.hipchat.com',
  debug: false,
  host: null }
Wobot object: { domain: null,
  _events: 
   { connect: { [Function: g] listener: [Function] },
     error: [Function] },
  _maxListeners: 0,
  jabber: null,
  keepalive: null,
  name: null,
  plugins: {},
  iq_count: 1,
  jid: '24647_237199@chat.hipchat.com/wobot',
  password: 'rkbot',
  debug: false,
  host: null,
  caps_ver: 'wobot:0.8.0',
  mucHost: 'conf.hipchat.com' }
Connected to HipChat as @RKBot!
Joining 24647_developer_room@conf.hipchat.com
HipChat adapter options: { jid: '24647_237199@chat.hipchat.com',
  password: 'rkbot',
  token: null,
  rooms: '24647_developer_room@conf.hipchat.com',
  debug: false,
  host: null }
Wobot object: { domain: null,
  _events: 
   { connect: { [Function: g] listener: [Function] },
     error: [Function] },
  _maxListeners: 0,
  jabber: null,
  keepalive: null,
  name: null,
  plugins: {},
  iq_count: 1,
  jid: '24647_237199@chat.hipchat.com/wobot',
  password: 'rkbot',
  debug: false,
  host: null,
  caps_ver: 'wobot:0.8.0',
  mucHost: 'conf.hipchat.com' }
Connected to HipChat as @RKBot!
Joining 24647_developer_room@conf.hipchat.com
HipChat adapter options: { jid: '24647_237199@chat.hipchat.com',
  password: 'rkbot',
  token: null,
  rooms: '24647_developer_room@conf.hipchat.com',
  debug: false,
  host: null }
Wobot object: { domain: null,
  _events: 
   { connect: { [Function: g] listener: [Function] },
     error: [Function] },
  _maxListeners: 0,
  jabber: null,
  keepalive: null,
  name: null,
  plugins: {},
  iq_count: 1,
  jid: '24647_237199@chat.hipchat.com/wobot',
  password: 'rkbot',
  debug: false,
  host: null,
  caps_ver: 'wobot:0.8.0',
  mucHost: 'conf.hipchat.com' }
Connected to HipChat as @RKBot!
Joining 24647_developer_room@conf.hipchat.com
HipChat adapter options: { jid: '24647_237199@chat.hipchat.com',
  password: 'rkbot',
  token: null,
  rooms: '24647_developer_room@conf.hipchat.com',
  debug: false,
  host: null }
Wobot object: { domain: null,
  _events: 
   { connect: { [Function: g] listener: [Function] },
     error: [Function] },
  _maxListeners: 0,
  jabber: null,
  keepalive: null,
  name: null,
  plugins: {},
  iq_count: 1,
  jid: '24647_237199@chat.hipchat.com/wobot',
  password: 'rkbot',
  debug: false,
  host: null,
  caps_ver: 'wobot:0.8.0',
  mucHost: 'conf.hipchat.com' }
Connected to HipChat as @RKBot!
Joining 24647_developer_room@conf.hipchat.com
HipChat adapter options: { jid: '24647_237199@chat.hipchat.com',
  password: 'rkbot',
  token: null,
  rooms: '24647_developer_room@conf.hipchat.com',
  debug: false,
  host: null }
Wobot object: { domain: null,
  _events: 
   { connect: { [Function: g] listener: [Function] },
     error: [Function] },
  _maxListeners: 0,
  jabber: null,
  keepalive: null,
  name: null,
  plugins: {},
  iq_count: 1,
  jid: '24647_237199@chat.hipchat.com/wobot',
  password: 'rkbot',
  debug: false,
  host: null,
  caps_ver: 'wobot:0.8.0',
  mucHost: 'conf.hipchat.com' }
Connected to HipChat as @RKBot!
Joining 24647_developer_room@conf.hipchat.com
HipChat adapter options: { jid: '24647_237199@chat.hipchat.com',
  password: 'rkbot',
  token: null,
  rooms: '24647_developer_room@conf.hipchat.com',
  debug: false,
  host: null }
Wobot object: { domain: null,
  _events: 
   { connect: { [Function: g] listener: [Function] },
     error: [Function] },
  _maxListeners: 0,
  jabber: null,
  keepalive: null,
  name: null,
  plugins: {},
  iq_count: 1,
  jid: '24647_237199@chat.hipchat.com/wobot',
  password: 'rkbot',
  debug: false,
  host: null,
  caps_ver: 'wobot:0.8.0',
  mucHost: 'conf.hipchat.com' }
Connected to HipChat as @RKBot!
Joining 24647_developer_room@conf.hipchat.com
